<?xml version="1.0" encoding="UTF-8"?>
<!-- Generated by org.testng.reporters.JUnitXMLReporter -->
<testsuite ignored="0" hostname="DESKTOP-TQ559PJ" failures="0" tests="3" name="Employee List" time="56.954" errors="0" timestamp="2023-07-07T08:56:27 IST">
  <testcase classname="com.orangehrm.tests.AddEmployeeTest" name="verifyAddEmployee" time="20.088"/>
  <testcase classname="com.orangehrm.tests.AddEmployeeTest" name="verifyDeleteEmployee" time="26.85"/>
  <testcase classname="com.orangehrm.tests.AddEmployeeTest" name="verifyEditEmployee" time="53.159"/>
</testsuite> <!-- Employee List -->
