<?xml version="1.0" encoding="UTF-8"?>
<!-- Generated by org.testng.reporters.JUnitXMLReporter -->
<testsuite ignored="0" hostname="DESKTOP-TQ559PJ" failures="3" tests="5" name="Login" time="12.836" errors="0" timestamp="2023-07-07T08:55:30 IST">
  <testcase classname="com.orangehrm.tests.LoginTest" name="verifyCopyRightFooterText" time="0.258"/>
  <testcase classname="com.orangehrm.tests.LoginTest" name="loginWithBlankPassword" time="0.715">
    <failure/>
  </testcase> <!-- loginWithBlankPassword -->
  <testcase classname="com.orangehrm.tests.LoginTest" name="loginWithInvalidCredentials" time="3.032"/>
  <testcase classname="com.orangehrm.tests.LoginTest" name="loginWithValidCredentials" time="5.71">
    <failure/>
  </testcase> <!-- loginWithValidCredentials -->
  <testcase classname="com.orangehrm.tests.LoginTest" name="verifySocialMediaLinks" time="7.261">
    <failure/>
  </testcase> <!-- verifySocialMediaLinks -->
</testsuite> <!-- Login -->
