<?xml version="1.0" encoding="UTF-8"?>
<!-- Generated by org.testng.reporters.JUnitXMLReporter -->
<testsuite ignored="0" hostname="DESKTOP-TQ559PJ" failures="0" tests="5" name="Default test" time="32.352" errors="0" timestamp="2023-07-06T08:55:41 IST">
  <testcase classname="com.orangehrm.tests.LoginTest" name="loginWithBlankPassword" time="0.363"/>
  <testcase classname="com.orangehrm.tests.LoginTest" name="loginWithInvalidCredentials" time="2.695"/>
  <testcase classname="com.orangehrm.tests.LoginTest" name="loginWithValidCredentials" time="5.613"/>
  <testcase classname="com.orangehrm.tests.LoginTest" name="verifyCopyRightFooterText" time="0.172"/>
  <testcase classname="com.orangehrm.tests.LoginTest" name="verifySocialMediaLinks" time="6.478"/>
</testsuite> <!-- Default test -->
