<?xml version="1.0" encoding="UTF-8"?>
<testng-results ignored="0" total="8" passed="5" failed="3" skipped="0">
  <reporter-output>
  </reporter-output>
  <suite started-at="2023-07-07T08:55:17 IST" name="Regression Suite" finished-at="2023-07-07T08:56:27 IST" duration-ms="69825">
    <groups>
    </groups>
    <test started-at="2023-07-07T08:55:17 IST" name="Login" finished-at="2023-07-07T08:55:30 IST" duration-ms="12836">
      <class name="com.orangehrm.tests.LoginTest">
        <test-method is-config="true" signature="launchBrowser(java.lang.reflect.Method, org.testng.ITestContext, org.testng.ITestResult)[pri:0, instance:com.orangehrm.tests.LoginTest@c333c60]" started-at="2023-07-07T08:55:17 IST" name="launchBrowser" finished-at="2023-07-07T08:55:20 IST" duration-ms="2842" status="PASS">
          <params>
            <param index="0">
              <value>
                <![CDATA[public void com.orangehrm.tests.LoginTest.verifySocialMediaLinks()]]>
              </value>
            </param>
            <param index="1">
              <value>
                <![CDATA[org.testng.TestRunner@2adddc06]]>
              </value>
            </param>
            <param index="2">
              <value>
                <![CDATA[[TestResult name={null} status=CREATED method=LoginTest.verifySocialMediaLinks()[pri:0, instance:com.orangehrm.tests.LoginTest@c333c60] output={null}]]]>
              </value>
            </param>
          </params>
          <reporter-output>
          </reporter-output>
        </test-method> <!-- launchBrowser -->
        <test-method is-config="true" signature="launchBrowser(java.lang.reflect.Method, org.testng.ITestContext, org.testng.ITestResult)[pri:0, instance:com.orangehrm.tests.LoginTest@c333c60]" started-at="2023-07-07T08:55:17 IST" name="launchBrowser" finished-at="2023-07-07T08:55:21 IST" duration-ms="3843" status="PASS">
          <params>
            <param index="0">
              <value>
                <![CDATA[public void com.orangehrm.tests.LoginTest.verifyCopyRightFooterText()]]>
              </value>
            </param>
            <param index="1">
              <value>
                <![CDATA[org.testng.TestRunner@2adddc06]]>
              </value>
            </param>
            <param index="2">
              <value>
                <![CDATA[[TestResult name={null} status=CREATED method=LoginTest.verifyCopyRightFooterText()[pri:0, instance:com.orangehrm.tests.LoginTest@c333c60] output={null}]]]>
              </value>
            </param>
          </params>
          <reporter-output>
          </reporter-output>
        </test-method> <!-- launchBrowser -->
        <test-method is-config="true" signature="launchBrowser(java.lang.reflect.Method, org.testng.ITestContext, org.testng.ITestResult)[pri:0, instance:com.orangehrm.tests.LoginTest@c333c60]" started-at="2023-07-07T08:55:17 IST" name="launchBrowser" finished-at="2023-07-07T08:55:20 IST" duration-ms="3068" status="PASS">
          <params>
            <param index="0">
              <value>
                <![CDATA[public void com.orangehrm.tests.LoginTest.loginWithValidCredentials()]]>
              </value>
            </param>
            <param index="1">
              <value>
                <![CDATA[org.testng.TestRunner@2adddc06]]>
              </value>
            </param>
            <param index="2">
              <value>
                <![CDATA[[TestResult name={null} status=CREATED method=LoginTest.loginWithValidCredentials()[pri:0, instance:com.orangehrm.tests.LoginTest@c333c60] output={null}]]]>
              </value>
            </param>
          </params>
          <reporter-output>
          </reporter-output>
        </test-method> <!-- launchBrowser -->
        <test-method is-config="true" signature="launchBrowser(java.lang.reflect.Method, org.testng.ITestContext, org.testng.ITestResult)[pri:0, instance:com.orangehrm.tests.LoginTest@c333c60]" started-at="2023-07-07T08:55:17 IST" name="launchBrowser" finished-at="2023-07-07T08:55:20 IST" duration-ms="3283" status="PASS">
          <params>
            <param index="0">
              <value>
                <![CDATA[public void com.orangehrm.tests.LoginTest.loginWithInvalidCredentials()]]>
              </value>
            </param>
            <param index="1">
              <value>
                <![CDATA[org.testng.TestRunner@2adddc06]]>
              </value>
            </param>
            <param index="2">
              <value>
                <![CDATA[[TestResult name={null} status=CREATED method=LoginTest.loginWithInvalidCredentials()[pri:0, instance:com.orangehrm.tests.LoginTest@c333c60] output={null}]]]>
              </value>
            </param>
          </params>
          <reporter-output>
          </reporter-output>
        </test-method> <!-- launchBrowser -->
        <test-method is-config="true" signature="launchBrowser(java.lang.reflect.Method, org.testng.ITestContext, org.testng.ITestResult)[pri:0, instance:com.orangehrm.tests.LoginTest@c333c60]" started-at="2023-07-07T08:55:17 IST" name="launchBrowser" finished-at="2023-07-07T08:55:20 IST" duration-ms="3639" status="PASS">
          <params>
            <param index="0">
              <value>
                <![CDATA[public void com.orangehrm.tests.LoginTest.loginWithBlankPassword()]]>
              </value>
            </param>
            <param index="1">
              <value>
                <![CDATA[org.testng.TestRunner@2adddc06]]>
              </value>
            </param>
            <param index="2">
              <value>
                <![CDATA[[TestResult name={null} status=CREATED method=LoginTest.loginWithBlankPassword()[pri:0, instance:com.orangehrm.tests.LoginTest@c333c60] output={null}]]]>
              </value>
            </param>
          </params>
          <reporter-output>
          </reporter-output>
        </test-method> <!-- launchBrowser -->
        <test-method is-config="true" signature="launchApplication()[pri:0, instance:com.orangehrm.tests.LoginTest@c333c60]" started-at="2023-07-07T08:55:20 IST" name="launchApplication" finished-at="2023-07-07T08:55:22 IST" depends-on-methods="com.framework.base.BaseTest.launchBrowser" duration-ms="2644" status="PASS">
          <reporter-output>
          </reporter-output>
        </test-method> <!-- launchApplication -->
        <test-method is-config="true" signature="launchApplication()[pri:0, instance:com.orangehrm.tests.LoginTest@c333c60]" started-at="2023-07-07T08:55:20 IST" name="launchApplication" finished-at="2023-07-07T08:55:22 IST" depends-on-methods="com.framework.base.BaseTest.launchBrowser" duration-ms="2527" status="PASS">
          <reporter-output>
          </reporter-output>
        </test-method> <!-- launchApplication -->
        <test-method is-config="true" signature="launchApplication()[pri:0, instance:com.orangehrm.tests.LoginTest@c333c60]" started-at="2023-07-07T08:55:20 IST" name="launchApplication" finished-at="2023-07-07T08:55:23 IST" depends-on-methods="com.framework.base.BaseTest.launchBrowser" duration-ms="2516" status="PASS">
          <reporter-output>
          </reporter-output>
        </test-method> <!-- launchApplication -->
        <test-method is-config="true" signature="launchApplication()[pri:0, instance:com.orangehrm.tests.LoginTest@c333c60]" started-at="2023-07-07T08:55:20 IST" name="launchApplication" finished-at="2023-07-07T08:55:23 IST" depends-on-methods="com.framework.base.BaseTest.launchBrowser" duration-ms="2531" status="PASS">
          <reporter-output>
          </reporter-output>
        </test-method> <!-- launchApplication -->
        <test-method is-config="true" signature="launchApplication()[pri:0, instance:com.orangehrm.tests.LoginTest@c333c60]" started-at="2023-07-07T08:55:21 IST" name="launchApplication" finished-at="2023-07-07T08:55:23 IST" depends-on-methods="com.framework.base.BaseTest.launchBrowser" duration-ms="2520" status="PASS">
          <reporter-output>
          </reporter-output>
        </test-method> <!-- launchApplication -->
        <test-method signature="verifySocialMediaLinks()[pri:0, instance:com.orangehrm.tests.LoginTest@c333c60]" started-at="2023-07-07T08:55:22 IST" name="verifySocialMediaLinks" finished-at="2023-07-07T08:55:30 IST" duration-ms="7261" status="FAIL">
          <reporter-output>
          </reporter-output>
        </test-method> <!-- verifySocialMediaLinks -->
        <test-method signature="loginWithValidCredentials()[pri:0, instance:com.orangehrm.tests.LoginTest@c333c60]" started-at="2023-07-07T08:55:22 IST" name="loginWithValidCredentials" finished-at="2023-07-07T08:55:28 IST" duration-ms="5710" status="FAIL">
          <reporter-output>
          </reporter-output>
        </test-method> <!-- loginWithValidCredentials -->
        <test-method signature="loginWithInvalidCredentials()[pri:0, instance:com.orangehrm.tests.LoginTest@c333c60]" started-at="2023-07-07T08:55:23 IST" name="loginWithInvalidCredentials" finished-at="2023-07-07T08:55:26 IST" duration-ms="3032" status="PASS">
          <reporter-output>
          </reporter-output>
        </test-method> <!-- loginWithInvalidCredentials -->
        <test-method signature="loginWithBlankPassword()[pri:0, instance:com.orangehrm.tests.LoginTest@c333c60]" started-at="2023-07-07T08:55:23 IST" name="loginWithBlankPassword" finished-at="2023-07-07T08:55:24 IST" duration-ms="715" status="FAIL">
          <reporter-output>
          </reporter-output>
        </test-method> <!-- loginWithBlankPassword -->
        <test-method signature="verifyCopyRightFooterText()[pri:0, instance:com.orangehrm.tests.LoginTest@c333c60]" started-at="2023-07-07T08:55:23 IST" name="verifyCopyRightFooterText" finished-at="2023-07-07T08:55:23 IST" duration-ms="258" status="PASS">
          <reporter-output>
          </reporter-output>
        </test-method> <!-- verifyCopyRightFooterText -->
        <test-method is-config="true" signature="closeBrowser()[pri:0, instance:com.orangehrm.tests.LoginTest@c333c60]" started-at="2023-07-07T08:55:23 IST" name="closeBrowser" finished-at="2023-07-07T08:55:24 IST" duration-ms="44" status="PASS">
          <reporter-output>
          </reporter-output>
        </test-method> <!-- closeBrowser -->
        <test-method is-config="true" signature="closeBrowser()[pri:0, instance:com.orangehrm.tests.LoginTest@c333c60]" started-at="2023-07-07T08:55:24 IST" name="closeBrowser" finished-at="2023-07-07T08:55:24 IST" duration-ms="67" status="PASS">
          <reporter-output>
          </reporter-output>
        </test-method> <!-- closeBrowser -->
        <test-method is-config="true" signature="closeBrowser()[pri:0, instance:com.orangehrm.tests.LoginTest@c333c60]" started-at="2023-07-07T08:55:26 IST" name="closeBrowser" finished-at="2023-07-07T08:55:26 IST" duration-ms="51" status="PASS">
          <reporter-output>
          </reporter-output>
        </test-method> <!-- closeBrowser -->
        <test-method is-config="true" signature="closeBrowser()[pri:0, instance:com.orangehrm.tests.LoginTest@c333c60]" started-at="2023-07-07T08:55:28 IST" name="closeBrowser" finished-at="2023-07-07T08:55:28 IST" duration-ms="79" status="PASS">
          <reporter-output>
          </reporter-output>
        </test-method> <!-- closeBrowser -->
        <test-method is-config="true" signature="closeBrowser()[pri:0, instance:com.orangehrm.tests.LoginTest@c333c60]" started-at="2023-07-07T08:55:30 IST" name="closeBrowser" finished-at="2023-07-07T08:55:30 IST" duration-ms="59" status="PASS">
          <reporter-output>
          </reporter-output>
        </test-method> <!-- closeBrowser -->
      </class> <!-- com.orangehrm.tests.LoginTest -->
    </test> <!-- Login -->
    <test started-at="2023-07-07T08:55:30 IST" name="Employee List" finished-at="2023-07-07T08:56:27 IST" duration-ms="56954">
      <class name="com.orangehrm.tests.AddEmployeeTest">
        <test-method is-config="true" signature="intialize()[pri:0, instance:com.orangehrm.tests.AddEmployeeTest@193f604a]" started-at="2023-07-07T08:55:16 IST" name="intialize" finished-at="2023-07-07T08:55:17 IST" duration-ms="471" status="PASS">
          <reporter-output>
          </reporter-output>
        </test-method> <!-- intialize -->
        <test-method is-config="true" signature="launchBrowser(java.lang.reflect.Method, org.testng.ITestContext, org.testng.ITestResult)[pri:0, instance:com.orangehrm.tests.AddEmployeeTest@193f604a]" started-at="2023-07-07T08:55:30 IST" name="launchBrowser" finished-at="2023-07-07T08:55:31 IST" duration-ms="1783" status="PASS">
          <params>
            <param index="0">
              <value>
                <![CDATA[public void com.orangehrm.tests.AddEmployeeTest.verifyAddEmployee()]]>
              </value>
            </param>
            <param index="1">
              <value>
                <![CDATA[org.testng.TestRunner@349d0836]]>
              </value>
            </param>
            <param index="2">
              <value>
                <![CDATA[[TestResult name={null} status=CREATED method=AddEmployeeTest.verifyAddEmployee()[pri:0, instance:com.orangehrm.tests.AddEmployeeTest@193f604a] output={null}]]]>
              </value>
            </param>
          </params>
          <reporter-output>
          </reporter-output>
        </test-method> <!-- launchBrowser -->
        <test-method is-config="true" signature="launchBrowser(java.lang.reflect.Method, org.testng.ITestContext, org.testng.ITestResult)[pri:0, instance:com.orangehrm.tests.AddEmployeeTest@193f604a]" started-at="2023-07-07T08:55:30 IST" name="launchBrowser" finished-at="2023-07-07T08:55:31 IST" duration-ms="1314" status="PASS">
          <params>
            <param index="0">
              <value>
                <![CDATA[public void com.orangehrm.tests.AddEmployeeTest.verifyEditEmployee()]]>
              </value>
            </param>
            <param index="1">
              <value>
                <![CDATA[org.testng.TestRunner@349d0836]]>
              </value>
            </param>
            <param index="2">
              <value>
                <![CDATA[[TestResult name={null} status=CREATED method=AddEmployeeTest.verifyEditEmployee()[pri:0, instance:com.orangehrm.tests.AddEmployeeTest@193f604a] output={null}]]]>
              </value>
            </param>
          </params>
          <reporter-output>
          </reporter-output>
        </test-method> <!-- launchBrowser -->
        <test-method is-config="true" signature="launchBrowser(java.lang.reflect.Method, org.testng.ITestContext, org.testng.ITestResult)[pri:0, instance:com.orangehrm.tests.AddEmployeeTest@193f604a]" started-at="2023-07-07T08:55:30 IST" name="launchBrowser" finished-at="2023-07-07T08:55:31 IST" duration-ms="1578" status="PASS">
          <params>
            <param index="0">
              <value>
                <![CDATA[public void com.orangehrm.tests.AddEmployeeTest.verifyDeleteEmployee()]]>
              </value>
            </param>
            <param index="1">
              <value>
                <![CDATA[org.testng.TestRunner@349d0836]]>
              </value>
            </param>
            <param index="2">
              <value>
                <![CDATA[[TestResult name={null} status=CREATED method=AddEmployeeTest.verifyDeleteEmployee()[pri:0, instance:com.orangehrm.tests.AddEmployeeTest@193f604a] output={null}]]]>
              </value>
            </param>
          </params>
          <reporter-output>
          </reporter-output>
        </test-method> <!-- launchBrowser -->
        <test-method is-config="true" signature="launchApplication()[pri:0, instance:com.orangehrm.tests.AddEmployeeTest@193f604a]" started-at="2023-07-07T08:55:31 IST" name="launchApplication" finished-at="2023-07-07T08:55:33 IST" depends-on-methods="com.framework.base.BaseTest.launchBrowser" duration-ms="2404" status="PASS">
          <reporter-output>
          </reporter-output>
        </test-method> <!-- launchApplication -->
        <test-method is-config="true" signature="launchApplication()[pri:0, instance:com.orangehrm.tests.AddEmployeeTest@193f604a]" started-at="2023-07-07T08:55:31 IST" name="launchApplication" finished-at="2023-07-07T08:55:34 IST" depends-on-methods="com.framework.base.BaseTest.launchBrowser" duration-ms="2455" status="PASS">
          <reporter-output>
          </reporter-output>
        </test-method> <!-- launchApplication -->
        <test-method is-config="true" signature="launchApplication()[pri:0, instance:com.orangehrm.tests.AddEmployeeTest@193f604a]" started-at="2023-07-07T08:55:31 IST" name="launchApplication" finished-at="2023-07-07T08:55:34 IST" depends-on-methods="com.framework.base.BaseTest.launchBrowser" duration-ms="2420" status="PASS">
          <reporter-output>
          </reporter-output>
        </test-method> <!-- launchApplication -->
        <test-method signature="verifyEditEmployee()[pri:0, instance:com.orangehrm.tests.AddEmployeeTest@193f604a]" started-at="2023-07-07T08:55:33 IST" name="verifyEditEmployee" finished-at="2023-07-07T08:56:27 IST" duration-ms="53159" status="PASS">
          <reporter-output>
          </reporter-output>
        </test-method> <!-- verifyEditEmployee -->
        <test-method signature="verifyDeleteEmployee()[pri:0, instance:com.orangehrm.tests.AddEmployeeTest@193f604a]" started-at="2023-07-07T08:55:34 IST" name="verifyDeleteEmployee" finished-at="2023-07-07T08:56:01 IST" duration-ms="26850" status="PASS">
          <reporter-output>
          </reporter-output>
        </test-method> <!-- verifyDeleteEmployee -->
        <test-method signature="verifyAddEmployee()[pri:0, instance:com.orangehrm.tests.AddEmployeeTest@193f604a]" started-at="2023-07-07T08:55:34 IST" name="verifyAddEmployee" finished-at="2023-07-07T08:55:54 IST" duration-ms="20088" status="PASS">
          <reporter-output>
          </reporter-output>
        </test-method> <!-- verifyAddEmployee -->
        <test-method is-config="true" signature="closeBrowser()[pri:0, instance:com.orangehrm.tests.AddEmployeeTest@193f604a]" started-at="2023-07-07T08:55:54 IST" name="closeBrowser" finished-at="2023-07-07T08:55:54 IST" duration-ms="67" status="PASS">
          <reporter-output>
          </reporter-output>
        </test-method> <!-- closeBrowser -->
        <test-method is-config="true" signature="closeBrowser()[pri:0, instance:com.orangehrm.tests.AddEmployeeTest@193f604a]" started-at="2023-07-07T08:56:01 IST" name="closeBrowser" finished-at="2023-07-07T08:56:01 IST" duration-ms="90" status="PASS">
          <reporter-output>
          </reporter-output>
        </test-method> <!-- closeBrowser -->
        <test-method is-config="true" signature="closeBrowser()[pri:0, instance:com.orangehrm.tests.AddEmployeeTest@193f604a]" started-at="2023-07-07T08:56:27 IST" name="closeBrowser" finished-at="2023-07-07T08:56:27 IST" duration-ms="76" status="PASS">
          <reporter-output>
          </reporter-output>
        </test-method> <!-- closeBrowser -->
        <test-method is-config="true" signature="tearDown()[pri:0, instance:com.orangehrm.tests.AddEmployeeTest@193f604a]" started-at="2023-07-07T08:56:27 IST" name="tearDown" finished-at="2023-07-07T08:56:27 IST" duration-ms="219" status="PASS">
          <reporter-output>
          </reporter-output>
        </test-method> <!-- tearDown -->
      </class> <!-- com.orangehrm.tests.AddEmployeeTest -->
    </test> <!-- Employee List -->
  </suite> <!-- Regression Suite -->
</testng-results>
